<?xml version="1.0" encoding="UTF-8"?>
<!-- Generated by org.testng.reporters.JUnitReportReporter -->
<testsuite hostname="DESKTOP-HVDPFUD" name="DropDown.FBDropdownMenu" tests="1" failures="0" timestamp="14 Apr 2022 05:06:12 GMT" time="4.775" errors="0">
  <testcase name="LaunchFB" time="4.775" classname="DropDown.FBDropdownMenu"/>
</testsuite> <!-- DropDown.FBDropdownMenu -->
